# JRE version: Java(TM) SE Runtime Environment (8.0_202-b08) (build 1.8.0_202-b08)
# Java VM: Java HotSpot(TM) 64-Bit Server VM (25.202-b08 mixed mode linux-amd64 compressed oops)
Heap:
 PSYoungGen      total 253440K, used 172074K [0x0000000771f80000, 0x0000000785180000, 0x00000007c0000000)
  eden space 243712K, 70% used [0x0000000771f80000,0x000000077c78a858,0x0000000780d80000)
  from space 9728K, 0% used [0x0000000780d80000,0x0000000780d80000,0x0000000781700000)
  to   space 13824K, 0% used [0x0000000784400000,0x0000000784400000,0x0000000785180000)
 ParOldGen       total 153088K, used 14732K [0x00000006d5e00000, 0x00000006df380000, 0x0000000771f80000)
  object space 153088K, 9% used [0x00000006d5e00000,0x00000006d6c630f8,0x00000006df380000)
 Metaspace       used 45673K, capacity 48770K, committed 48896K, reserved 1091584K
  class space    used 6072K, capacity 6603K, committed 6656K, reserved 1048576K
GC Heap History (10 events):
Event: 2.405 GC heap before
{Heap before GC invocations=3 (full 0):
 PSYoungGen      total 131584K, used 48702K [0x0000000771f80000, 0x000000077a980000, 0x00000007c0000000)
  eden space 121856K, 31% used [0x0000000771f80000,0x0000000774593380,0x0000000779680000)
  from space 9728K, 99% used [0x000000077a000000,0x000000077a97c638,0x000000077a980000)
  to   space 9728K, 0% used [0x0000000779680000,0x0000000779680000,0x000000077a000000)
 ParOldGen       total 161280K, used 1731K [0x00000006d5e00000, 0x00000006dfb80000, 0x0000000771f80000)
  object space 161280K, 1% used [0x00000006d5e00000,0x00000006d5fb0c58,0x00000006dfb80000)
 Metaspace       used 20174K, capacity 21112K, committed 21248K, reserved 1067008K
  class space    used 2523K, capacity 2740K, committed 2816K, reserved 1048576K
Event: 2.419 GC heap after
Heap after GC invocations=3 (full 0):
 PSYoungGen      total 131584K, used 9470K [0x0000000771f80000, 0x0000000782080000, 0x00000007c0000000)
  eden space 121856K, 0% used [0x0000000771f80000,0x0000000771f80000,0x0000000779680000)
  from space 9728K, 97% used [0x0000000779680000,0x0000000779fbf880,0x000000077a000000)
  to   space 9728K, 0% used [0x0000000781700000,0x0000000781700000,0x0000000782080000)
 ParOldGen       total 161280K, used 1739K [0x00000006d5e00000, 0x00000006dfb80000, 0x0000000771f80000)
  object space 161280K, 1% used [0x00000006d5e00000,0x00000006d5fb2c58,0x00000006dfb80000)
 Metaspace       used 20174K, capacity 21112K, committed 21248K, reserved 1067008K
  class space    used 2523K, capacity 2740K, committed 2816K, reserved 1048576K
}
Event: 2.419 GC heap before
{Heap before GC invocations=4 (full 1):
 PSYoungGen      total 131584K, used 9470K [0x0000000771f80000, 0x0000000782080000, 0x00000007c0000000)
  eden space 121856K, 0% used [0x0000000771f80000,0x0000000771f80000,0x0000000779680000)
  from space 9728K, 97% used [0x0000000779680000,0x0000000779fbf880,0x000000077a000000)
  to   space 9728K, 0% used [0x0000000781700000,0x0000000781700000,0x0000000782080000)
 ParOldGen       total 161280K, used 1739K [0x00000006d5e00000, 0x00000006dfb80000, 0x0000000771f80000)
  object space 161280K, 1% used [0x00000006d5e00000,0x00000006d5fb2c58,0x00000006dfb80000)
 Metaspace       used 20174K, capacity 21112K, committed 21248K, reserved 1067008K
  class space    used 2523K, capacity 2740K, committed 2816K, reserved 1048576K
Event: 2.466 GC heap after
Heap after GC invocations=4 (full 1):
 PSYoungGen      total 131584K, used 0K [0x0000000771f80000, 0x0000000782080000, 0x00000007c0000000)
  eden space 121856K, 0% used [0x0000000771f80000,0x0000000771f80000,0x0000000779680000)
  from space 9728K, 0% used [0x0000000779680000,0x0000000779680000,0x000000077a000000)
  to   space 9728K, 0% used [0x0000000781700000,0x0000000781700000,0x0000000782080000)
 ParOldGen       total 99840K, used 9225K [0x00000006d5e00000, 0x00000006dbf80000, 0x0000000771f80000)
  object space 99840K, 9% used [0x00000006d5e00000,0x00000006d67026e8,0x00000006dbf80000)
 Metaspace       used 20174K, capacity 21112K, committed 21248K, reserved 1067008K
  class space    used 2523K, capacity 2740K, committed 2816K, reserved 1048576K
}
Event: 4.544 GC heap before
{Heap before GC invocations=5 (full 1):
 PSYoungGen      total 131584K, used 121856K [0x0000000771f80000, 0x0000000782080000, 0x00000007c0000000)
  eden space 121856K, 100% used [0x0000000771f80000,0x0000000779680000,0x0000000779680000)
  from space 9728K, 0% used [0x0000000779680000,0x0000000779680000,0x000000077a000000)
  to   space 9728K, 0% used [0x0000000781700000,0x0000000781700000,0x0000000782080000)
 ParOldGen       total 99840K, used 9225K [0x00000006d5e00000, 0x00000006dbf80000, 0x0000000771f80000)
  object space 99840K, 9% used [0x00000006d5e00000,0x00000006d67026e8,0x00000006dbf80000)
 Metaspace       used 29052K, capacity 30958K, committed 31360K, reserved 1077248K
  class space    used 3759K, capacity 4113K, committed 4224K, reserved 1048576K
Event: 4.568 GC heap after
Heap after GC invocations=5 (full 1):
 PSYoungGen      total 194560K, used 9696K [0x0000000771f80000, 0x0000000782080000, 0x00000007c0000000)
  eden space 184832K, 0% used [0x0000000771f80000,0x0000000771f80000,0x000000077d400000)
  from space 9728K, 99% used [0x0000000781700000,0x0000000782078328,0x0000000782080000)
  to   space 9728K, 0% used [0x0000000780d80000,0x0000000780d80000,0x0000000781700000)
 ParOldGen       total 99840K, used 12664K [0x00000006d5e00000, 0x00000006dbf80000, 0x0000000771f80000)
  object space 99840K, 12% used [0x00000006d5e00000,0x00000006d6a5e230,0x00000006dbf80000)
 Metaspace       used 29052K, capacity 30958K, committed 31360K, reserved 1077248K
  class space    used 3759K, capacity 4113K, committed 4224K, reserved 1048576K
}
Event: 5.084 GC heap before
{Heap before GC invocations=6 (full 1):
 PSYoungGen      total 194560K, used 49539K [0x0000000771f80000, 0x0000000782080000, 0x00000007c0000000)
  eden space 184832K, 21% used [0x0000000771f80000,0x0000000774668bc8,0x000000077d400000)
  from space 9728K, 99% used [0x0000000781700000,0x0000000782078328,0x0000000782080000)
  to   space 9728K, 0% used [0x0000000780d80000,0x0000000780d80000,0x0000000781700000)
 ParOldGen       total 99840K, used 12664K [0x00000006d5e00000, 0x00000006dbf80000, 0x0000000771f80000)
  object space 99840K, 12% used [0x00000006d5e00000,0x00000006d6a5e230,0x00000006dbf80000)
 Metaspace       used 33320K, capacity 35390K, committed 35416K, reserved 1079296K
  class space    used 4358K, capacity 4726K, committed 4736K, reserved 1048576K
Event: 5.101 GC heap after
Heap after GC invocations=6 (full 1):
 PSYoungGen      total 253440K, used 9402K [0x0000000771f80000, 0x0000000785180000, 0x00000007c0000000)
  eden space 243712K, 0% used [0x0000000771f80000,0x0000000771f80000,0x0000000780d80000)
  from space 9728K, 96% used [0x0000000780d80000,0x00000007816ae858,0x0000000781700000)
  to   space 13824K, 0% used [0x0000000784400000,0x0000000784400000,0x0000000785180000)
 ParOldGen       total 99840K, used 12672K [0x00000006d5e00000, 0x00000006dbf80000, 0x0000000771f80000)
  object space 99840K, 12% used [0x00000006d5e00000,0x00000006d6a60230,0x00000006dbf80000)
 Metaspace       used 33320K, capacity 35390K, committed 35416K, reserved 1079296K
  class space    used 4358K, capacity 4726K, committed 4736K, reserved 1048576K
}
Event: 5.101 GC heap before
{Heap before GC invocations=7 (full 2):
 PSYoungGen      total 253440K, used 9402K [0x0000000771f80000, 0x0000000785180000, 0x00000007c0000000)
  eden space 243712K, 0% used [0x0000000771f80000,0x0000000771f80000,0x0000000780d80000)
  from space 9728K, 96% used [0x0000000780d80000,0x00000007816ae858,0x0000000781700000)
  to   space 13824K, 0% used [0x0000000784400000,0x0000000784400000,0x0000000785180000)
 ParOldGen       total 99840K, used 12672K [0x00000006d5e00000, 0x00000006dbf80000, 0x0000000771f80000)
  object space 99840K, 12% used [0x00000006d5e00000,0x00000006d6a60230,0x00000006dbf80000)
 Metaspace       used 33320K, capacity 35390K, committed 35416K, reserved 1079296K
  class space    used 4358K, capacity 4726K, committed 4736K, reserved 1048576K
Event: 5.180 GC heap after
Heap after GC invocations=7 (full 2):
 PSYoungGen      total 253440K, used 0K [0x0000000771f80000, 0x0000000785180000, 0x00000007c0000000)
  eden space 243712K, 0% used [0x0000000771f80000,0x0000000771f80000,0x0000000780d80000)
  from space 9728K, 0% used [0x0000000780d80000,0x0000000780d80000,0x0000000781700000)
  to   space 13824K, 0% used [0x0000000784400000,0x0000000784400000,0x0000000785180000)
 ParOldGen       total 153088K, used 14732K [0x00000006d5e00000, 0x00000006df380000, 0x0000000771f80000)
  object space 153088K, 9% used [0x00000006d5e00000,0x00000006d6c630f8,0x00000006df380000)
 Metaspace       used 33320K, capacity 35390K, committed 35416K, reserved 1079296K
  class space    used 4358K, capacity 4726K, committed 4736K, reserved 1048576K
}

